mkdir: cannot create directory ‘/users/y/o/yoyebami/Projects_Genomics/eco_genomics_2025/population_genomics/myresults/ANGSD/PCA_ADMIX’: File exists
------------------------------------
PCAngsd v1.36.1
Jonas Meisner and Anders Albrechtsen
Using 10 thread(s)
------------------------------------

Parsing Beagle file.
Loaded 971934 sites and 113 samples.
Estimating minor allele frequencies.
EM (MAF) converged at iteration: 7
Number of sites after MAF filtering (0.05): 697053

Estimating covariance matrix.
Using 2 principal components (manually selected).
Individual allele frequencies estimated (1).
Individual allele frequencies estimated (2).	RMSE=0.0028538
Individual allele frequencies estimated (3).	RMSE=0.0017146
Individual allele frequencies estimated (4).	RMSE=0.0011757
Individual allele frequencies estimated (5).	RMSE=0.0008576
Individual allele frequencies estimated (6).	RMSE=0.0006488
Individual allele frequencies estimated (7).	RMSE=0.1330374
Individual allele frequencies estimated (8).	RMSE=0.0003953
Individual allele frequencies estimated (9).	RMSE=0.0003152
Individual allele frequencies estimated (10).	RMSE=0.0002555
Individual allele frequencies estimated (11).	RMSE=0.0002089
Individual allele frequencies estimated (12).	RMSE=0.0001753
Individual allele frequencies estimated (13).	RMSE=0.0001484
Individual allele frequencies estimated (14).	RMSE=0.0001277
Individual allele frequencies estimated (15).	RMSE=0.0001117
Individual allele frequencies estimated (16).	RMSE=0.0000990
Individual allele frequencies estimated (17).	RMSE=0.0000891
Individual allele frequencies estimated (18).	RMSE=0.0000810
Individual allele frequencies estimated (19).	RMSE=0.0000753
Individual allele frequencies estimated (20).	RMSE=0.0000706
Individual allele frequencies estimated (21).	RMSE=0.0000665
Individual allele frequencies estimated (22).	RMSE=0.0000630
Individual allele frequencies estimated (23).	RMSE=0.0000603
Individual allele frequencies estimated (24).	RMSE=0.0000580
Individual allele frequencies estimated (25).	RMSE=0.0000561
Individual allele frequencies estimated (26).	RMSE=0.0000542
Individual allele frequencies estimated (27).	RMSE=0.0000526
Individual allele frequencies estimated (28).	RMSE=0.0000511
Individual allele frequencies estimated (29).	RMSE=0.0000498
Individual allele frequencies estimated (30).	RMSE=0.0000485
Individual allele frequencies estimated (31).	RMSE=0.0000472
Individual allele frequencies estimated (32).	RMSE=0.0000460
Individual allele frequencies estimated (33).	RMSE=0.0000448
Individual allele frequencies estimated (34).	RMSE=0.0000437
Individual allele frequencies estimated (35).	RMSE=0.0000426
Individual allele frequencies estimated (36).	RMSE=0.0000415
Individual allele frequencies estimated (37).	RMSE=0.0000403
Individual allele frequencies estimated (38).	RMSE=0.0000393
Individual allele frequencies estimated (39).	RMSE=0.0000382
Individual allele frequencies estimated (40).	RMSE=0.0000371
Individual allele frequencies estimated (41).	RMSE=0.0000360
Individual allele frequencies estimated (42).	RMSE=0.0000349
Individual allele frequencies estimated (43).	RMSE=0.0000340
Individual allele frequencies estimated (44).	RMSE=0.0000328
Individual allele frequencies estimated (45).	RMSE=0.0000317
Individual allele frequencies estimated (46).	RMSE=0.0000306
Individual allele frequencies estimated (47).	RMSE=0.0000295
Individual allele frequencies estimated (48).	RMSE=0.0000284
Individual allele frequencies estimated (49).	RMSE=0.0000275
Individual allele frequencies estimated (50).	RMSE=0.0000264
Individual allele frequencies estimated (51).	RMSE=0.0000255
Individual allele frequencies estimated (52).	RMSE=0.0000244
Individual allele frequencies estimated (53).	RMSE=0.0000234
Individual allele frequencies estimated (54).	RMSE=0.0000224
Individual allele frequencies estimated (55).	RMSE=0.0000216
Individual allele frequencies estimated (56).	RMSE=0.0000205
Individual allele frequencies estimated (57).	RMSE=0.0000196
Individual allele frequencies estimated (58).	RMSE=0.0000188
Individual allele frequencies estimated (59).	RMSE=0.0000180
Individual allele frequencies estimated (60).	RMSE=0.0000171
Individual allele frequencies estimated (61).	RMSE=0.0000165
Individual allele frequencies estimated (62).	RMSE=0.0000155
Individual allele frequencies estimated (63).	RMSE=0.0000148
Individual allele frequencies estimated (64).	RMSE=0.0000139
Individual allele frequencies estimated (65).	RMSE=0.0000131
Individual allele frequencies estimated (66).	RMSE=0.0000129
Individual allele frequencies estimated (67).	RMSE=0.0000119
Individual allele frequencies estimated (68).	RMSE=0.0000112
Individual allele frequencies estimated (69).	RMSE=0.0000108
Individual allele frequencies estimated (70).	RMSE=0.0000104
Individual allele frequencies estimated (71).	RMSE=0.0000094
PCAngsd converged.
Saved covariance matrix as /users/y/o/yoyebami/Projects_Genomics/eco_genomics_2025/population_genomics/myresults/ANGSD/PCA_ADMIX/RSBS_poly_K3.cov

Estimating admixture proportions using NMF (CSG-MU).
K=3, Alpha=0.0, Batches=10, Seed=0
CSG-MU (1).	RMSE=0.260921615
CSG-MU (2).	RMSE=0.091782207
CSG-MU (3).	RMSE=0.155792178
CSG-MU (4).	RMSE=0.048782020
CSG-MU (5).	RMSE=0.024867913
CSG-MU (6).	RMSE=0.009633388
CSG-MU (7).	RMSE=0.005137600
CSG-MU (8).	RMSE=0.003225724
CSG-MU (9).	RMSE=0.002248382
CSG-MU (10).	RMSE=0.001508735
CSG-MU (11).	RMSE=0.001101464
CSG-MU (12).	RMSE=0.000820611
CSG-MU (13).	RMSE=0.000594981
CSG-MU (14).	RMSE=0.000457120
CSG-MU (15).	RMSE=0.000361965
CSG-MU (16).	RMSE=0.000284324
CSG-MU (17).	RMSE=0.000224560
CSG-MU (18).	RMSE=0.000178763
CSG-MU (19).	RMSE=0.000144618
CSG-MU (20).	RMSE=0.000116363
CSG-MU (21).	RMSE=0.000095751
CSG-MU (22).	RMSE=0.000075936
CSG-MU (23).	RMSE=0.000061498
CSG-MU (24).	RMSE=0.000052734
CSG-MU (25).	RMSE=0.000042617
CSG-MU (26).	RMSE=0.000034198
CSG-MU (27).	RMSE=0.000030245
CSG-MU (28).	RMSE=0.000023471
CSG-MU (29).	RMSE=0.000018744
CSG-MU (30).	RMSE=0.000014118
CSG-MU (31).	RMSE=0.000011977
CSG-MU (32).	RMSE=0.000009972
Converged.
Frobenius error: 54.59157
Log-likelihood: -59635611.79023
Saved admixture proportions as /users/y/o/yoyebami/Projects_Genomics/eco_genomics_2025/population_genomics/myresults/ANGSD/PCA_ADMIX/RSBS_poly_K3.admix.3.Q
Saved ancestral allele frequencies proportions as /users/y/o/yoyebami/Projects_Genomics/eco_genomics_2025/population_genomics/myresults/ANGSD/PCA_ADMIX/RSBS_poly_K3.admix.3.P

Total elapsed time: 3m40s
