mkdir: cannot create directory ‘/users/y/o/yoyebami/Projects_Genomics/eco_genomics_2025/population_genomics/myresults/ANGSD/PCA_ADMIX’: File exists
------------------------------------
PCAngsd v1.36.1
Jonas Meisner and Anders Albrechtsen
Using 10 thread(s)
------------------------------------

Parsing Beagle file.
Loaded 971934 sites and 113 samples.
Estimating minor allele frequencies.
EM (MAF) converged at iteration: 7
Number of sites after MAF filtering (0.05): 697053

Estimating covariance matrix.
Using 2 principal components (manually selected).
Individual allele frequencies estimated (1).
Individual allele frequencies estimated (2).	RMSE=0.0028539
Individual allele frequencies estimated (3).	RMSE=0.0017148
Individual allele frequencies estimated (4).	RMSE=0.0011760
Individual allele frequencies estimated (5).	RMSE=0.0008572
Individual allele frequencies estimated (6).	RMSE=0.0006490
Individual allele frequencies estimated (7).	RMSE=0.1330374
Individual allele frequencies estimated (8).	RMSE=0.0003950
Individual allele frequencies estimated (9).	RMSE=0.0003156
Individual allele frequencies estimated (10).	RMSE=0.0002555
Individual allele frequencies estimated (11).	RMSE=0.0002098
Individual allele frequencies estimated (12).	RMSE=0.0001749
Individual allele frequencies estimated (13).	RMSE=0.0001481
Individual allele frequencies estimated (14).	RMSE=0.0001278
Individual allele frequencies estimated (15).	RMSE=0.0001117
Individual allele frequencies estimated (16).	RMSE=0.0000990
Individual allele frequencies estimated (17).	RMSE=0.0000890
Individual allele frequencies estimated (18).	RMSE=0.0000814
Individual allele frequencies estimated (19).	RMSE=0.0000751
Individual allele frequencies estimated (20).	RMSE=0.0000704
Individual allele frequencies estimated (21).	RMSE=0.0000665
Individual allele frequencies estimated (22).	RMSE=0.0000630
Individual allele frequencies estimated (23).	RMSE=0.0000603
Individual allele frequencies estimated (24).	RMSE=0.0000581
Individual allele frequencies estimated (25).	RMSE=0.0000560
Individual allele frequencies estimated (26).	RMSE=0.0000542
Individual allele frequencies estimated (27).	RMSE=0.0000527
Individual allele frequencies estimated (28).	RMSE=0.0000512
Individual allele frequencies estimated (29).	RMSE=0.0000498
Individual allele frequencies estimated (30).	RMSE=0.0000485
Individual allele frequencies estimated (31).	RMSE=0.0000472
Individual allele frequencies estimated (32).	RMSE=0.0000460
Individual allele frequencies estimated (33).	RMSE=0.0000449
Individual allele frequencies estimated (34).	RMSE=0.0000437
Individual allele frequencies estimated (35).	RMSE=0.0000425
Individual allele frequencies estimated (36).	RMSE=0.0000414
Individual allele frequencies estimated (37).	RMSE=0.0000403
Individual allele frequencies estimated (38).	RMSE=0.0000392
Individual allele frequencies estimated (39).	RMSE=0.0000382
Individual allele frequencies estimated (40).	RMSE=0.0000371
Individual allele frequencies estimated (41).	RMSE=0.0000360
Individual allele frequencies estimated (42).	RMSE=0.0000349
Individual allele frequencies estimated (43).	RMSE=0.0000338
Individual allele frequencies estimated (44).	RMSE=0.0000327
Individual allele frequencies estimated (45).	RMSE=0.0000318
Individual allele frequencies estimated (46).	RMSE=0.0000307
Individual allele frequencies estimated (47).	RMSE=0.0000295
Individual allele frequencies estimated (48).	RMSE=0.0000285
Individual allele frequencies estimated (49).	RMSE=0.0000274
Individual allele frequencies estimated (50).	RMSE=0.0000264
Individual allele frequencies estimated (51).	RMSE=0.0000255
Individual allele frequencies estimated (52).	RMSE=0.0000243
Individual allele frequencies estimated (53).	RMSE=0.0000234
Individual allele frequencies estimated (54).	RMSE=0.0000224
Individual allele frequencies estimated (55).	RMSE=0.0000216
Individual allele frequencies estimated (56).	RMSE=0.0000206
Individual allele frequencies estimated (57).	RMSE=0.0000197
Individual allele frequencies estimated (58).	RMSE=0.0000188
Individual allele frequencies estimated (59).	RMSE=0.0000179
Individual allele frequencies estimated (60).	RMSE=0.0000170
Individual allele frequencies estimated (61).	RMSE=0.0000162
Individual allele frequencies estimated (62).	RMSE=0.0000154
Individual allele frequencies estimated (63).	RMSE=0.0000147
Individual allele frequencies estimated (64).	RMSE=0.0000140
Individual allele frequencies estimated (65).	RMSE=0.0000134
Individual allele frequencies estimated (66).	RMSE=0.0000125
Individual allele frequencies estimated (67).	RMSE=0.0000122
Individual allele frequencies estimated (68).	RMSE=0.0000112
Individual allele frequencies estimated (69).	RMSE=0.0000105
Individual allele frequencies estimated (70).	RMSE=0.0000099
PCAngsd converged.
Saved covariance matrix as /users/y/o/yoyebami/Projects_Genomics/eco_genomics_2025/population_genomics/myresults/ANGSD/PCA_ADMIX/RSBS_poly_K3.cov

Estimating admixture proportions using NMF (CSG-MU).
K=3, Alpha=0.0, Batches=10, Seed=0
CSG-MU (1).	RMSE=0.260920436
CSG-MU (2).	RMSE=0.091781216
CSG-MU (3).	RMSE=0.155789532
CSG-MU (4).	RMSE=0.048794781
CSG-MU (5).	RMSE=0.024860019
CSG-MU (6).	RMSE=0.009636719
CSG-MU (7).	RMSE=0.005134835
CSG-MU (8).	RMSE=0.003229128
CSG-MU (9).	RMSE=0.002244827
CSG-MU (10).	RMSE=0.001510780
CSG-MU (11).	RMSE=0.001104073
CSG-MU (12).	RMSE=0.000817127
CSG-MU (13).	RMSE=0.000592324
CSG-MU (14).	RMSE=0.000457020
CSG-MU (15).	RMSE=0.000360351
CSG-MU (16).	RMSE=0.000286361
CSG-MU (17).	RMSE=0.000221779
CSG-MU (18).	RMSE=0.000178864
CSG-MU (19).	RMSE=0.000144586
CSG-MU (20).	RMSE=0.000115410
CSG-MU (21).	RMSE=0.000098610
CSG-MU (22).	RMSE=0.000076066
CSG-MU (23).	RMSE=0.000061400
CSG-MU (24).	RMSE=0.000053386
CSG-MU (25).	RMSE=0.000042408
CSG-MU (26).	RMSE=0.000035223
CSG-MU (27).	RMSE=0.000028555
CSG-MU (28).	RMSE=0.000021424
CSG-MU (29).	RMSE=0.000019396
CSG-MU (30).	RMSE=0.000017079
CSG-MU (31).	RMSE=0.000011770
CSG-MU (32).	RMSE=0.000009772
Converged.
Frobenius error: 54.59253
Log-likelihood: -59635612.26649
Saved admixture proportions as /users/y/o/yoyebami/Projects_Genomics/eco_genomics_2025/population_genomics/myresults/ANGSD/PCA_ADMIX/RSBS_poly_K3.admix.3.Q
Saved ancestral allele frequencies proportions as /users/y/o/yoyebami/Projects_Genomics/eco_genomics_2025/population_genomics/myresults/ANGSD/PCA_ADMIX/RSBS_poly_K3.admix.3.P

Total elapsed time: 3m39s
