mkdir: cannot create directory ‘/users/y/o/yoyebami/Projects_Genomics/eco_genomics_2025/population_genomics/myresults/ANGSD/PCA_ADMIX’: File exists
------------------------------------
PCAngsd v1.36.1
Jonas Meisner and Anders Albrechtsen
Using 10 thread(s)
------------------------------------

Parsing Beagle file.
Loaded 971934 sites and 113 samples.
Estimating minor allele frequencies.
EM (MAF) converged at iteration: 7
Number of sites after MAF filtering (0.05): 697053

Estimating covariance matrix.
Using 3 principal components (manually selected).
Individual allele frequencies estimated (1).
Individual allele frequencies estimated (2).	RMSE=0.0060721
Individual allele frequencies estimated (3).	RMSE=0.0027870
Individual allele frequencies estimated (4).	RMSE=0.0015908
Individual allele frequencies estimated (5).	RMSE=0.0010841
Individual allele frequencies estimated (6).	RMSE=0.1086263
Individual allele frequencies estimated (7).	RMSE=0.0006690
Individual allele frequencies estimated (8).	RMSE=0.0005614
Individual allele frequencies estimated (9).	RMSE=0.0004814
Individual allele frequencies estimated (10).	RMSE=0.0004168
Individual allele frequencies estimated (11).	RMSE=0.0003641
Individual allele frequencies estimated (12).	RMSE=0.0003176
Individual allele frequencies estimated (13).	RMSE=0.0002799
Individual allele frequencies estimated (14).	RMSE=0.0002481
Individual allele frequencies estimated (15).	RMSE=0.0002217
Individual allele frequencies estimated (16).	RMSE=0.0001989
Individual allele frequencies estimated (17).	RMSE=0.0001788
Individual allele frequencies estimated (18).	RMSE=0.0001612
Individual allele frequencies estimated (19).	RMSE=0.0001476
Individual allele frequencies estimated (20).	RMSE=0.0001336
Individual allele frequencies estimated (21).	RMSE=0.0001225
Individual allele frequencies estimated (22).	RMSE=0.0001130
Individual allele frequencies estimated (23).	RMSE=0.0001044
Individual allele frequencies estimated (24).	RMSE=0.0000973
Individual allele frequencies estimated (25).	RMSE=0.0000903
Individual allele frequencies estimated (26).	RMSE=0.0000846
Individual allele frequencies estimated (27).	RMSE=0.0000796
Individual allele frequencies estimated (28).	RMSE=0.0000751
Individual allele frequencies estimated (29).	RMSE=0.0000711
Individual allele frequencies estimated (30).	RMSE=0.0000674
Individual allele frequencies estimated (31).	RMSE=0.0000643
Individual allele frequencies estimated (32).	RMSE=0.0000616
Individual allele frequencies estimated (33).	RMSE=0.0000588
Individual allele frequencies estimated (34).	RMSE=0.0000562
Individual allele frequencies estimated (35).	RMSE=0.0000540
Individual allele frequencies estimated (36).	RMSE=0.0000518
Individual allele frequencies estimated (37).	RMSE=0.0000498
Individual allele frequencies estimated (38).	RMSE=0.0000480
Individual allele frequencies estimated (39).	RMSE=0.0000462
Individual allele frequencies estimated (40).	RMSE=0.0000446
Individual allele frequencies estimated (41).	RMSE=0.0000430
Individual allele frequencies estimated (42).	RMSE=0.0000412
Individual allele frequencies estimated (43).	RMSE=0.0000399
Individual allele frequencies estimated (44).	RMSE=0.0000387
Individual allele frequencies estimated (45).	RMSE=0.0000371
Individual allele frequencies estimated (46).	RMSE=0.0000358
Individual allele frequencies estimated (47).	RMSE=0.0000347
Individual allele frequencies estimated (48).	RMSE=0.0000334
Individual allele frequencies estimated (49).	RMSE=0.0000323
Individual allele frequencies estimated (50).	RMSE=0.0000312
Individual allele frequencies estimated (51).	RMSE=0.0000302
Individual allele frequencies estimated (52).	RMSE=0.0000289
Individual allele frequencies estimated (53).	RMSE=0.0000279
Individual allele frequencies estimated (54).	RMSE=0.0000268
Individual allele frequencies estimated (55).	RMSE=0.0000258
Individual allele frequencies estimated (56).	RMSE=0.0000250
Individual allele frequencies estimated (57).	RMSE=0.0000240
Individual allele frequencies estimated (58).	RMSE=0.0000232
Individual allele frequencies estimated (59).	RMSE=0.0000223
Individual allele frequencies estimated (60).	RMSE=0.0000216
Individual allele frequencies estimated (61).	RMSE=0.0000208
Individual allele frequencies estimated (62).	RMSE=0.0000203
Individual allele frequencies estimated (63).	RMSE=0.0000194
Individual allele frequencies estimated (64).	RMSE=0.0000187
Individual allele frequencies estimated (65).	RMSE=0.0000179
Individual allele frequencies estimated (66).	RMSE=0.0000173
Individual allele frequencies estimated (67).	RMSE=0.0000169
Individual allele frequencies estimated (68).	RMSE=0.0000160
Individual allele frequencies estimated (69).	RMSE=0.0000156
Individual allele frequencies estimated (70).	RMSE=0.0000153
Individual allele frequencies estimated (71).	RMSE=0.0000146
Individual allele frequencies estimated (72).	RMSE=0.0000143
Individual allele frequencies estimated (73).	RMSE=0.0000137
Individual allele frequencies estimated (74).	RMSE=0.0000133
Individual allele frequencies estimated (75).	RMSE=0.0000129
Individual allele frequencies estimated (76).	RMSE=0.0000127
Individual allele frequencies estimated (77).	RMSE=0.0000122
Individual allele frequencies estimated (78).	RMSE=0.0000115
Individual allele frequencies estimated (79).	RMSE=0.0000115
Individual allele frequencies estimated (80).	RMSE=0.0000111
Individual allele frequencies estimated (81).	RMSE=0.0000108
Individual allele frequencies estimated (82).	RMSE=0.0000104
Individual allele frequencies estimated (83).	RMSE=0.0000103
Individual allele frequencies estimated (84).	RMSE=0.0000100
Individual allele frequencies estimated (85).	RMSE=0.0000098
PCAngsd converged.
Saved covariance matrix as /users/y/o/yoyebami/Projects_Genomics/eco_genomics_2025/population_genomics/myresults/ANGSD/PCA_ADMIX/RSBS_poly_K4.cov

Estimating admixture proportions using NMF (CSG-MU).
K=4, Alpha=0.0, Batches=10, Seed=0
CSG-MU (1).	RMSE=0.232065682
CSG-MU (2).	RMSE=0.122136592
CSG-MU (3).	RMSE=0.118193377
CSG-MU (4).	RMSE=0.044900727
CSG-MU (5).	RMSE=0.014929109
CSG-MU (6).	RMSE=0.005977227
CSG-MU (7).	RMSE=0.002827796
CSG-MU (8).	RMSE=0.001535319
CSG-MU (9).	RMSE=0.000908930
CSG-MU (10).	RMSE=0.000576729
CSG-MU (11).	RMSE=0.000380518
CSG-MU (12).	RMSE=0.000260597
CSG-MU (13).	RMSE=0.000179521
CSG-MU (14).	RMSE=0.000127944
CSG-MU (15).	RMSE=0.000091647
CSG-MU (16).	RMSE=0.000067314
CSG-MU (17).	RMSE=0.000050217
CSG-MU (18).	RMSE=0.000038277
CSG-MU (19).	RMSE=0.000029203
CSG-MU (20).	RMSE=0.000023186
CSG-MU (21).	RMSE=0.000017392
CSG-MU (22).	RMSE=0.000014770
CSG-MU (23).	RMSE=0.000010718
CSG-MU (24).	RMSE=0.000010950
CSG-MU (25).	RMSE=0.000007728
Converged.
Frobenius error: 74.19023
Log-likelihood: -59268693.99708
Saved admixture proportions as /users/y/o/yoyebami/Projects_Genomics/eco_genomics_2025/population_genomics/myresults/ANGSD/PCA_ADMIX/RSBS_poly_K4.admix.4.Q
Saved ancestral allele frequencies proportions as /users/y/o/yoyebami/Projects_Genomics/eco_genomics_2025/population_genomics/myresults/ANGSD/PCA_ADMIX/RSBS_poly_K4.admix.4.P

Total elapsed time: 4m19s
