mkdir: cannot create directory ‘/users/y/o/yoyebami/Projects_Genomics/eco_genomics_2025/population_genomics/myresults/ANGSD/PCA_ADMIX’: File exists
------------------------------------
PCAngsd v1.36.1
Jonas Meisner and Anders Albrechtsen
Using 10 thread(s)
------------------------------------

Parsing Beagle file.
Loaded 971934 sites and 113 samples.
Estimating minor allele frequencies.
EM (MAF) converged at iteration: 7
Number of sites after MAF filtering (0.05): 697053

Estimating covariance matrix.
Using 4 principal components (manually selected).
Individual allele frequencies estimated (1).
Individual allele frequencies estimated (2).	RMSE=0.0941618
Individual allele frequencies estimated (3).	RMSE=0.0940812
Individual allele frequencies estimated (4).	RMSE=0.0940741
Individual allele frequencies estimated (5).	RMSE=0.0041412
Individual allele frequencies estimated (6).	RMSE=0.0008193
Individual allele frequencies estimated (7).	RMSE=0.0940812
Individual allele frequencies estimated (8).	RMSE=0.0021078
Individual allele frequencies estimated (9).	RMSE=0.0027868
Individual allele frequencies estimated (10).	RMSE=0.0940723
Individual allele frequencies estimated (11).	RMSE=0.0036202
Individual allele frequencies estimated (12).	RMSE=0.0038510
Individual allele frequencies estimated (13).	RMSE=0.0039388
Individual allele frequencies estimated (14).	RMSE=0.0039285
Individual allele frequencies estimated (15).	RMSE=0.0037709
Individual allele frequencies estimated (16).	RMSE=0.0034906
Individual allele frequencies estimated (17).	RMSE=0.0031644
Individual allele frequencies estimated (18).	RMSE=0.0940721
Individual allele frequencies estimated (19).	RMSE=0.0024085
Individual allele frequencies estimated (20).	RMSE=0.0020798
Individual allele frequencies estimated (21).	RMSE=0.0018070
Individual allele frequencies estimated (22).	RMSE=0.0015330
Individual allele frequencies estimated (23).	RMSE=0.0013124
Individual allele frequencies estimated (24).	RMSE=0.0011213
Individual allele frequencies estimated (25).	RMSE=0.0009674
Individual allele frequencies estimated (26).	RMSE=0.0008158
Individual allele frequencies estimated (27).	RMSE=0.0006812
Individual allele frequencies estimated (28).	RMSE=0.0005698
Individual allele frequencies estimated (29).	RMSE=0.0004907
Individual allele frequencies estimated (30).	RMSE=0.0004058
Individual allele frequencies estimated (31).	RMSE=0.0003555
Individual allele frequencies estimated (32).	RMSE=0.0002795
Individual allele frequencies estimated (33).	RMSE=0.0002305
Individual allele frequencies estimated (34).	RMSE=0.0001943
Individual allele frequencies estimated (35).	RMSE=0.0001566
Individual allele frequencies estimated (36).	RMSE=0.0001236
Individual allele frequencies estimated (37).	RMSE=0.0001008
Individual allele frequencies estimated (38).	RMSE=0.0000871
Individual allele frequencies estimated (39).	RMSE=0.0000806
Individual allele frequencies estimated (40).	RMSE=0.0000786
Individual allele frequencies estimated (41).	RMSE=0.0000835
Individual allele frequencies estimated (42).	RMSE=0.0000876
Individual allele frequencies estimated (43).	RMSE=0.0000949
Individual allele frequencies estimated (44).	RMSE=0.0001068
Individual allele frequencies estimated (45).	RMSE=0.0001117
Individual allele frequencies estimated (46).	RMSE=0.0001098
Individual allele frequencies estimated (47).	RMSE=0.0001182
Individual allele frequencies estimated (48).	RMSE=0.0001155
Individual allele frequencies estimated (49).	RMSE=0.0001159
Individual allele frequencies estimated (50).	RMSE=0.0001289
Individual allele frequencies estimated (51).	RMSE=0.0001271
Individual allele frequencies estimated (52).	RMSE=0.0001181
Individual allele frequencies estimated (53).	RMSE=0.0001371
Individual allele frequencies estimated (54).	RMSE=0.0001427
Individual allele frequencies estimated (55).	RMSE=0.0001411
Individual allele frequencies estimated (56).	RMSE=0.0001389
Individual allele frequencies estimated (57).	RMSE=0.0001412
Individual allele frequencies estimated (58).	RMSE=0.0001473
Individual allele frequencies estimated (59).	RMSE=0.0001450
Individual allele frequencies estimated (60).	RMSE=0.0001416
Individual allele frequencies estimated (61).	RMSE=0.0001480
Individual allele frequencies estimated (62).	RMSE=0.0001433
Individual allele frequencies estimated (63).	RMSE=0.0001407
Individual allele frequencies estimated (64).	RMSE=0.0001384
Individual allele frequencies estimated (65).	RMSE=0.0001349
Individual allele frequencies estimated (66).	RMSE=0.0001344
Individual allele frequencies estimated (67).	RMSE=0.0001375
Individual allele frequencies estimated (68).	RMSE=0.0001409
Individual allele frequencies estimated (69).	RMSE=0.0001356
Individual allele frequencies estimated (70).	RMSE=0.0001266
Individual allele frequencies estimated (71).	RMSE=0.0001283
Individual allele frequencies estimated (72).	RMSE=0.0001264
Individual allele frequencies estimated (73).	RMSE=0.0001257
Individual allele frequencies estimated (74).	RMSE=0.0001303
Individual allele frequencies estimated (75).	RMSE=0.0001299
Individual allele frequencies estimated (76).	RMSE=0.0001191
Individual allele frequencies estimated (77).	RMSE=0.0001197
Individual allele frequencies estimated (78).	RMSE=0.0001184
Individual allele frequencies estimated (79).	RMSE=0.0001178
Individual allele frequencies estimated (80).	RMSE=0.0001132
Individual allele frequencies estimated (81).	RMSE=0.0001156
Individual allele frequencies estimated (82).	RMSE=0.0001180
Individual allele frequencies estimated (83).	RMSE=0.0001104
Individual allele frequencies estimated (84).	RMSE=0.0001094
Individual allele frequencies estimated (85).	RMSE=0.0001058
Individual allele frequencies estimated (86).	RMSE=0.0001037
Individual allele frequencies estimated (87).	RMSE=0.0001012
Individual allele frequencies estimated (88).	RMSE=0.0000975
Individual allele frequencies estimated (89).	RMSE=0.0000989
Individual allele frequencies estimated (90).	RMSE=0.0000948
Individual allele frequencies estimated (91).	RMSE=0.0000907
Individual allele frequencies estimated (92).	RMSE=0.0000863
Individual allele frequencies estimated (93).	RMSE=0.0000864
Individual allele frequencies estimated (94).	RMSE=0.0000832
Individual allele frequencies estimated (95).	RMSE=0.0940721
Individual allele frequencies estimated (96).	RMSE=0.0000794
Individual allele frequencies estimated (97).	RMSE=0.0000854
Individual allele frequencies estimated (98).	RMSE=0.0000854
Individual allele frequencies estimated (99).	RMSE=0.0000867
Individual allele frequencies estimated (100).	RMSE=0.0000803
Individual allele frequencies estimated (101).	RMSE=0.0000791
PCAngsd did not converge!
Saved covariance matrix as /users/y/o/yoyebami/Projects_Genomics/eco_genomics_2025/population_genomics/myresults/ANGSD/PCA_ADMIX/RSBS_poly_K5.cov

Estimating admixture proportions using NMF (CSG-MU).
K=5, Alpha=0.0, Batches=10, Seed=0
CSG-MU (1).	RMSE=0.198563104
CSG-MU (2).	RMSE=0.137691914
CSG-MU (3).	RMSE=0.056135796
CSG-MU (4).	RMSE=0.099679510
CSG-MU (5).	RMSE=0.036624604
CSG-MU (6).	RMSE=0.016172791
CSG-MU (7).	RMSE=0.007837567
CSG-MU (8).	RMSE=0.004075128
CSG-MU (9).	RMSE=0.002010360
CSG-MU (10).	RMSE=0.001116547
CSG-MU (11).	RMSE=0.000634033
CSG-MU (12).	RMSE=0.000385337
CSG-MU (13).	RMSE=0.000251241
CSG-MU (14).	RMSE=0.000167834
CSG-MU (15).	RMSE=0.000108597
CSG-MU (16).	RMSE=0.000072728
CSG-MU (17).	RMSE=0.000050602
CSG-MU (18).	RMSE=0.000035336
CSG-MU (19).	RMSE=0.000026300
CSG-MU (20).	RMSE=0.000019008
CSG-MU (21).	RMSE=0.000014420
CSG-MU (22).	RMSE=0.000011177
CSG-MU (23).	RMSE=0.000008520
Converged.
Frobenius error: 95.27908
Log-likelihood: -58914358.73958
Saved admixture proportions as /users/y/o/yoyebami/Projects_Genomics/eco_genomics_2025/population_genomics/myresults/ANGSD/PCA_ADMIX/RSBS_poly_K5.admix.5.Q
Saved ancestral allele frequencies proportions as /users/y/o/yoyebami/Projects_Genomics/eco_genomics_2025/population_genomics/myresults/ANGSD/PCA_ADMIX/RSBS_poly_K5.admix.5.P

Total elapsed time: 5m29s
