mkdir: cannot create directory ‘/users/y/o/yoyebami/Projects_Genomics/eco_genomics_2025/population_genomics/myresults/ANGSD/PCA_ADMIX’: File exists
------------------------------------
PCAngsd v1.36.1
Jonas Meisner and Anders Albrechtsen
Using 10 thread(s)
------------------------------------

Parsing Beagle file.
Loaded 971934 sites and 113 samples.
Estimating minor allele frequencies.
EM (MAF) converged at iteration: 7
Number of sites after MAF filtering (0.05): 697053

Estimating covariance matrix.
Using 2 principal components (manually selected).
Individual allele frequencies estimated (1).
Individual allele frequencies estimated (2).	RMSE=0.0028536
Individual allele frequencies estimated (3).	RMSE=0.0017150
Individual allele frequencies estimated (4).	RMSE=0.0011757
Individual allele frequencies estimated (5).	RMSE=0.0008569
Individual allele frequencies estimated (6).	RMSE=0.0006489
Individual allele frequencies estimated (7).	RMSE=0.1330374
Individual allele frequencies estimated (8).	RMSE=0.0003949
Individual allele frequencies estimated (9).	RMSE=0.0003157
Individual allele frequencies estimated (10).	RMSE=0.0002554
Individual allele frequencies estimated (11).	RMSE=0.0002096
Individual allele frequencies estimated (12).	RMSE=0.0001752
Individual allele frequencies estimated (13).	RMSE=0.0001483
Individual allele frequencies estimated (14).	RMSE=0.0001279
Individual allele frequencies estimated (15).	RMSE=0.0001117
Individual allele frequencies estimated (16).	RMSE=0.0000987
Individual allele frequencies estimated (17).	RMSE=0.0000893
Individual allele frequencies estimated (18).	RMSE=0.0000814
Individual allele frequencies estimated (19).	RMSE=0.0000751
Individual allele frequencies estimated (20).	RMSE=0.0000704
Individual allele frequencies estimated (21).	RMSE=0.0000662
Individual allele frequencies estimated (22).	RMSE=0.0000632
Individual allele frequencies estimated (23).	RMSE=0.0000604
Individual allele frequencies estimated (24).	RMSE=0.0000580
Individual allele frequencies estimated (25).	RMSE=0.0000561
Individual allele frequencies estimated (26).	RMSE=0.0000542
Individual allele frequencies estimated (27).	RMSE=0.0000527
Individual allele frequencies estimated (28).	RMSE=0.0000512
Individual allele frequencies estimated (29).	RMSE=0.0000498
Individual allele frequencies estimated (30).	RMSE=0.0000484
Individual allele frequencies estimated (31).	RMSE=0.0000472
Individual allele frequencies estimated (32).	RMSE=0.0000460
Individual allele frequencies estimated (33).	RMSE=0.0000448
Individual allele frequencies estimated (34).	RMSE=0.0000437
Individual allele frequencies estimated (35).	RMSE=0.0000425
Individual allele frequencies estimated (36).	RMSE=0.0000414
Individual allele frequencies estimated (37).	RMSE=0.0000403
Individual allele frequencies estimated (38).	RMSE=0.0000393
Individual allele frequencies estimated (39).	RMSE=0.0000381
Individual allele frequencies estimated (40).	RMSE=0.0000370
Individual allele frequencies estimated (41).	RMSE=0.0000359
Individual allele frequencies estimated (42).	RMSE=0.0000349
Individual allele frequencies estimated (43).	RMSE=0.0000338
Individual allele frequencies estimated (44).	RMSE=0.0000327
Individual allele frequencies estimated (45).	RMSE=0.0000316
Individual allele frequencies estimated (46).	RMSE=0.0000306
Individual allele frequencies estimated (47).	RMSE=0.0000296
Individual allele frequencies estimated (48).	RMSE=0.0000285
Individual allele frequencies estimated (49).	RMSE=0.0000274
Individual allele frequencies estimated (50).	RMSE=0.0000267
Individual allele frequencies estimated (51).	RMSE=0.0000254
Individual allele frequencies estimated (52).	RMSE=0.0000245
Individual allele frequencies estimated (53).	RMSE=0.0000234
Individual allele frequencies estimated (54).	RMSE=0.0000224
Individual allele frequencies estimated (55).	RMSE=0.0000215
Individual allele frequencies estimated (56).	RMSE=0.0000205
Individual allele frequencies estimated (57).	RMSE=0.0000196
Individual allele frequencies estimated (58).	RMSE=0.0000187
Individual allele frequencies estimated (59).	RMSE=0.0000179
Individual allele frequencies estimated (60).	RMSE=0.0000170
Individual allele frequencies estimated (61).	RMSE=0.0000162
Individual allele frequencies estimated (62).	RMSE=0.0000154
Individual allele frequencies estimated (63).	RMSE=0.0000146
Individual allele frequencies estimated (64).	RMSE=0.0000139
Individual allele frequencies estimated (65).	RMSE=0.0000132
Individual allele frequencies estimated (66).	RMSE=0.0000130
Individual allele frequencies estimated (67).	RMSE=0.0000119
Individual allele frequencies estimated (68).	RMSE=0.0000111
Individual allele frequencies estimated (69).	RMSE=0.0000107
Individual allele frequencies estimated (70).	RMSE=0.0000101
Individual allele frequencies estimated (71).	RMSE=0.0000095
PCAngsd converged.
Saved covariance matrix as /users/y/o/yoyebami/Projects_Genomics/eco_genomics_2025/population_genomics/myresults/ANGSD/PCA_ADMIX/RSBS_poly_K3.cov

Estimating admixture proportions using NMF (CSG-MU).
K=3, Alpha=0.0, Batches=10, Seed=0
CSG-MU (1).	RMSE=0.260921675
CSG-MU (2).	RMSE=0.091781719
CSG-MU (3).	RMSE=0.155792361
CSG-MU (4).	RMSE=0.048780496
CSG-MU (5).	RMSE=0.024873171
CSG-MU (6).	RMSE=0.009629734
CSG-MU (7).	RMSE=0.005140301
CSG-MU (8).	RMSE=0.003224675
CSG-MU (9).	RMSE=0.002252092
CSG-MU (10).	RMSE=0.001493958
CSG-MU (11).	RMSE=0.001107518
CSG-MU (12).	RMSE=0.000812832
CSG-MU (13).	RMSE=0.000609940
CSG-MU (14).	RMSE=0.000452271
CSG-MU (15).	RMSE=0.000359645
CSG-MU (16).	RMSE=0.000284871
CSG-MU (17).	RMSE=0.000227633
CSG-MU (18).	RMSE=0.000178085
CSG-MU (19).	RMSE=0.000144390
CSG-MU (20).	RMSE=0.000116749
CSG-MU (21).	RMSE=0.000097368
CSG-MU (22).	RMSE=0.000076797
CSG-MU (23).	RMSE=0.000061214
CSG-MU (24).	RMSE=0.000052685
CSG-MU (25).	RMSE=0.000042166
CSG-MU (26).	RMSE=0.000033657
CSG-MU (27).	RMSE=0.000030091
CSG-MU (28).	RMSE=0.000023261
CSG-MU (29).	RMSE=0.000019897
CSG-MU (30).	RMSE=0.000014079
CSG-MU (31).	RMSE=0.000011873
CSG-MU (32).	RMSE=0.000011595
CSG-MU (33).	RMSE=0.000009154
Converged.
Frobenius error: 54.59105
Log-likelihood: -59635612.60505
Saved admixture proportions as /users/y/o/yoyebami/Projects_Genomics/eco_genomics_2025/population_genomics/myresults/ANGSD/PCA_ADMIX/RSBS_poly_K3.admix.3.Q
Saved ancestral allele frequencies proportions as /users/y/o/yoyebami/Projects_Genomics/eco_genomics_2025/population_genomics/myresults/ANGSD/PCA_ADMIX/RSBS_poly_K3.admix.3.P

Total elapsed time: 2m47s
