mkdir: cannot create directory ‘/users/y/o/yoyebami/Projects_Genomics/eco_genomics_2025/population_genomics/myresults/ANGSD/PCA_ADMIX’: File exists
------------------------------------
PCAngsd v1.36.1
Jonas Meisner and Anders Albrechtsen
Using 10 thread(s)
------------------------------------

Parsing Beagle file.
Loaded 971934 sites and 113 samples.
Estimating minor allele frequencies.
EM (MAF) converged at iteration: 7
Number of sites after MAF filtering (0.05): 697053

Estimating covariance matrix.
Using 4 principal components (manually selected).
Individual allele frequencies estimated (1).
Individual allele frequencies estimated (2).	RMSE=0.0941618
Individual allele frequencies estimated (3).	RMSE=0.0940812
Individual allele frequencies estimated (4).	RMSE=0.0940741
Individual allele frequencies estimated (5).	RMSE=0.0041420
Individual allele frequencies estimated (6).	RMSE=0.0008196
Individual allele frequencies estimated (7).	RMSE=0.0940812
Individual allele frequencies estimated (8).	RMSE=0.0021088
Individual allele frequencies estimated (9).	RMSE=0.0027891
Individual allele frequencies estimated (10).	RMSE=0.0940723
Individual allele frequencies estimated (11).	RMSE=0.0036208
Individual allele frequencies estimated (12).	RMSE=0.0038517
Individual allele frequencies estimated (13).	RMSE=0.0039402
Individual allele frequencies estimated (14).	RMSE=0.0039275
Individual allele frequencies estimated (15).	RMSE=0.0037693
Individual allele frequencies estimated (16).	RMSE=0.0034899
Individual allele frequencies estimated (17).	RMSE=0.0031675
Individual allele frequencies estimated (18).	RMSE=0.0940721
Individual allele frequencies estimated (19).	RMSE=0.0024072
Individual allele frequencies estimated (20).	RMSE=0.0020769
Individual allele frequencies estimated (21).	RMSE=0.0018065
Individual allele frequencies estimated (22).	RMSE=0.0015347
Individual allele frequencies estimated (23).	RMSE=0.0013115
Individual allele frequencies estimated (24).	RMSE=0.0011191
Individual allele frequencies estimated (25).	RMSE=0.0009656
Individual allele frequencies estimated (26).	RMSE=0.0008169
Individual allele frequencies estimated (27).	RMSE=0.0006823
Individual allele frequencies estimated (28).	RMSE=0.0005714
Individual allele frequencies estimated (29).	RMSE=0.0004887
Individual allele frequencies estimated (30).	RMSE=0.0004085
Individual allele frequencies estimated (31).	RMSE=0.0003564
Individual allele frequencies estimated (32).	RMSE=0.0002805
Individual allele frequencies estimated (33).	RMSE=0.0002323
Individual allele frequencies estimated (34).	RMSE=0.0001904
Individual allele frequencies estimated (35).	RMSE=0.0001562
Individual allele frequencies estimated (36).	RMSE=0.0001254
Individual allele frequencies estimated (37).	RMSE=0.0001006
Individual allele frequencies estimated (38).	RMSE=0.0000876
Individual allele frequencies estimated (39).	RMSE=0.0000802
Individual allele frequencies estimated (40).	RMSE=0.0000788
Individual allele frequencies estimated (41).	RMSE=0.0000824
Individual allele frequencies estimated (42).	RMSE=0.0000874
Individual allele frequencies estimated (43).	RMSE=0.0000945
Individual allele frequencies estimated (44).	RMSE=0.0001065
Individual allele frequencies estimated (45).	RMSE=0.0001093
Individual allele frequencies estimated (46).	RMSE=0.0001097
Individual allele frequencies estimated (47).	RMSE=0.0001193
Individual allele frequencies estimated (48).	RMSE=0.0001150
Individual allele frequencies estimated (49).	RMSE=0.0001156
Individual allele frequencies estimated (50).	RMSE=0.0001255
Individual allele frequencies estimated (51).	RMSE=0.0001308
Individual allele frequencies estimated (52).	RMSE=0.0001176
Individual allele frequencies estimated (53).	RMSE=0.0001382
Individual allele frequencies estimated (54).	RMSE=0.0001416
Individual allele frequencies estimated (55).	RMSE=0.0001412
Individual allele frequencies estimated (56).	RMSE=0.0001415
Individual allele frequencies estimated (57).	RMSE=0.0001413
Individual allele frequencies estimated (58).	RMSE=0.0001455
Individual allele frequencies estimated (59).	RMSE=0.0001472
Individual allele frequencies estimated (60).	RMSE=0.0001421
Individual allele frequencies estimated (61).	RMSE=0.0001480
Individual allele frequencies estimated (62).	RMSE=0.0001419
Individual allele frequencies estimated (63).	RMSE=0.0001380
Individual allele frequencies estimated (64).	RMSE=0.0001387
Individual allele frequencies estimated (65).	RMSE=0.0001359
Individual allele frequencies estimated (66).	RMSE=0.0001357
Individual allele frequencies estimated (67).	RMSE=0.0001377
Individual allele frequencies estimated (68).	RMSE=0.0001419
Individual allele frequencies estimated (69).	RMSE=0.0001343
Individual allele frequencies estimated (70).	RMSE=0.0001268
Individual allele frequencies estimated (71).	RMSE=0.0001268
Individual allele frequencies estimated (72).	RMSE=0.0001255
Individual allele frequencies estimated (73).	RMSE=0.0001253
Individual allele frequencies estimated (74).	RMSE=0.0001329
Individual allele frequencies estimated (75).	RMSE=0.0001280
Individual allele frequencies estimated (76).	RMSE=0.0001197
Individual allele frequencies estimated (77).	RMSE=0.0001186
Individual allele frequencies estimated (78).	RMSE=0.0001168
Individual allele frequencies estimated (79).	RMSE=0.0001157
Individual allele frequencies estimated (80).	RMSE=0.0001143
Individual allele frequencies estimated (81).	RMSE=0.0001145
Individual allele frequencies estimated (82).	RMSE=0.0001179
Individual allele frequencies estimated (83).	RMSE=0.0001116
Individual allele frequencies estimated (84).	RMSE=0.0001096
Individual allele frequencies estimated (85).	RMSE=0.0001056
Individual allele frequencies estimated (86).	RMSE=0.0001065
Individual allele frequencies estimated (87).	RMSE=0.0000992
Individual allele frequencies estimated (88).	RMSE=0.0000971
Individual allele frequencies estimated (89).	RMSE=0.0000957
Individual allele frequencies estimated (90).	RMSE=0.0000973
Individual allele frequencies estimated (91).	RMSE=0.0000917
Individual allele frequencies estimated (92).	RMSE=0.0000892
Individual allele frequencies estimated (93).	RMSE=0.0000833
Individual allele frequencies estimated (94).	RMSE=0.0000849
Individual allele frequencies estimated (95).	RMSE=0.0940721
Individual allele frequencies estimated (96).	RMSE=0.0000804
Individual allele frequencies estimated (97).	RMSE=0.0000857
Individual allele frequencies estimated (98).	RMSE=0.0000870
Individual allele frequencies estimated (99).	RMSE=0.0000863
Individual allele frequencies estimated (100).	RMSE=0.0000796
Individual allele frequencies estimated (101).	RMSE=0.0000793
PCAngsd did not converge!
Saved covariance matrix as /users/y/o/yoyebami/Projects_Genomics/eco_genomics_2025/population_genomics/myresults/ANGSD/PCA_ADMIX/RSBS_poly_K5.cov

Estimating admixture proportions using NMF (CSG-MU).
K=5, Alpha=0.0, Batches=10, Seed=0
CSG-MU (1).	RMSE=0.198563152
CSG-MU (2).	RMSE=0.137692194
CSG-MU (3).	RMSE=0.056126994
CSG-MU (4).	RMSE=0.099682417
CSG-MU (5).	RMSE=0.036630655
CSG-MU (6).	RMSE=0.016170622
CSG-MU (7).	RMSE=0.007842156
CSG-MU (8).	RMSE=0.004076203
CSG-MU (9).	RMSE=0.002010105
CSG-MU (10).	RMSE=0.001117188
CSG-MU (11).	RMSE=0.000633545
CSG-MU (12).	RMSE=0.000385225
CSG-MU (13).	RMSE=0.000251671
CSG-MU (14).	RMSE=0.000167341
CSG-MU (15).	RMSE=0.000109173
CSG-MU (16).	RMSE=0.000072878
CSG-MU (17).	RMSE=0.000050945
CSG-MU (18).	RMSE=0.000035230
CSG-MU (19).	RMSE=0.000026141
CSG-MU (20).	RMSE=0.000018911
CSG-MU (21).	RMSE=0.000014524
CSG-MU (22).	RMSE=0.000011201
CSG-MU (23).	RMSE=0.000008481
Converged.
Frobenius error: 95.27750
Log-likelihood: -58914358.15517
Saved admixture proportions as /users/y/o/yoyebami/Projects_Genomics/eco_genomics_2025/population_genomics/myresults/ANGSD/PCA_ADMIX/RSBS_poly_K5.admix.5.Q
Saved ancestral allele frequencies proportions as /users/y/o/yoyebami/Projects_Genomics/eco_genomics_2025/population_genomics/myresults/ANGSD/PCA_ADMIX/RSBS_poly_K5.admix.5.P

Total elapsed time: 5m23s
