mkdir: cannot create directory ‘/users/y/o/yoyebami/Projects_Genomics/eco_genomics_2025/population_genomics/myresults/ANGSD/PCA_ADMIX’: File exists
------------------------------------
PCAngsd v1.36.1
Jonas Meisner and Anders Albrechtsen
Using 10 thread(s)
------------------------------------

Parsing Beagle file.
Loaded 971934 sites and 113 samples.
Estimating minor allele frequencies.
EM (MAF) converged at iteration: 7
Number of sites after MAF filtering (0.05): 697053

Estimating covariance matrix.
Using 2 principal components (manually selected).
Individual allele frequencies estimated (1).
Individual allele frequencies estimated (2).	RMSE=0.0028539
Individual allele frequencies estimated (3).	RMSE=0.0017147
Individual allele frequencies estimated (4).	RMSE=0.0011759
Individual allele frequencies estimated (5).	RMSE=0.0008571
Individual allele frequencies estimated (6).	RMSE=0.0006486
Individual allele frequencies estimated (7).	RMSE=0.1330374
Individual allele frequencies estimated (8).	RMSE=0.0003950
Individual allele frequencies estimated (9).	RMSE=0.0003159
Individual allele frequencies estimated (10).	RMSE=0.0002554
Individual allele frequencies estimated (11).	RMSE=0.0002100
Individual allele frequencies estimated (12).	RMSE=0.0001748
Individual allele frequencies estimated (13).	RMSE=0.0001483
Individual allele frequencies estimated (14).	RMSE=0.0001280
Individual allele frequencies estimated (15).	RMSE=0.0001112
Individual allele frequencies estimated (16).	RMSE=0.0000991
Individual allele frequencies estimated (17).	RMSE=0.0000890
Individual allele frequencies estimated (18).	RMSE=0.0000814
Individual allele frequencies estimated (19).	RMSE=0.0000754
Individual allele frequencies estimated (20).	RMSE=0.0000704
Individual allele frequencies estimated (21).	RMSE=0.0000664
Individual allele frequencies estimated (22).	RMSE=0.0000631
Individual allele frequencies estimated (23).	RMSE=0.0000603
Individual allele frequencies estimated (24).	RMSE=0.0000582
Individual allele frequencies estimated (25).	RMSE=0.0000561
Individual allele frequencies estimated (26).	RMSE=0.0000543
Individual allele frequencies estimated (27).	RMSE=0.0000526
Individual allele frequencies estimated (28).	RMSE=0.0000511
Individual allele frequencies estimated (29).	RMSE=0.0000498
Individual allele frequencies estimated (30).	RMSE=0.0000485
Individual allele frequencies estimated (31).	RMSE=0.0000473
Individual allele frequencies estimated (32).	RMSE=0.0000460
Individual allele frequencies estimated (33).	RMSE=0.0000450
Individual allele frequencies estimated (34).	RMSE=0.0000437
Individual allele frequencies estimated (35).	RMSE=0.0000426
Individual allele frequencies estimated (36).	RMSE=0.0000414
Individual allele frequencies estimated (37).	RMSE=0.0000403
Individual allele frequencies estimated (38).	RMSE=0.0000392
Individual allele frequencies estimated (39).	RMSE=0.0000381
Individual allele frequencies estimated (40).	RMSE=0.0000371
Individual allele frequencies estimated (41).	RMSE=0.0000361
Individual allele frequencies estimated (42).	RMSE=0.0000350
Individual allele frequencies estimated (43).	RMSE=0.0000338
Individual allele frequencies estimated (44).	RMSE=0.0000327
Individual allele frequencies estimated (45).	RMSE=0.0000317
Individual allele frequencies estimated (46).	RMSE=0.0000306
Individual allele frequencies estimated (47).	RMSE=0.0000299
Individual allele frequencies estimated (48).	RMSE=0.0000285
Individual allele frequencies estimated (49).	RMSE=0.0000274
Individual allele frequencies estimated (50).	RMSE=0.0000265
Individual allele frequencies estimated (51).	RMSE=0.0000254
Individual allele frequencies estimated (52).	RMSE=0.0000244
Individual allele frequencies estimated (53).	RMSE=0.0000234
Individual allele frequencies estimated (54).	RMSE=0.0000226
Individual allele frequencies estimated (55).	RMSE=0.0000215
Individual allele frequencies estimated (56).	RMSE=0.0000206
Individual allele frequencies estimated (57).	RMSE=0.0000196
Individual allele frequencies estimated (58).	RMSE=0.0000187
Individual allele frequencies estimated (59).	RMSE=0.0000179
Individual allele frequencies estimated (60).	RMSE=0.0000170
Individual allele frequencies estimated (61).	RMSE=0.0000162
Individual allele frequencies estimated (62).	RMSE=0.0000154
Individual allele frequencies estimated (63).	RMSE=0.0000146
Individual allele frequencies estimated (64).	RMSE=0.0000139
Individual allele frequencies estimated (65).	RMSE=0.0000132
Individual allele frequencies estimated (66).	RMSE=0.0000124
Individual allele frequencies estimated (67).	RMSE=0.0000118
Individual allele frequencies estimated (68).	RMSE=0.0000111
Individual allele frequencies estimated (69).	RMSE=0.0000105
Individual allele frequencies estimated (70).	RMSE=0.0000100
Individual allele frequencies estimated (71).	RMSE=0.0000093
PCAngsd converged.
Saved covariance matrix as /users/y/o/yoyebami/Projects_Genomics/eco_genomics_2025/population_genomics/myresults/ANGSD/PCA_ADMIX/RSBS_poly_K3.cov

Estimating admixture proportions using NMF (CSG-MU).
K=3, Alpha=0.0, Batches=10, Seed=0
CSG-MU (1).	RMSE=0.260921722
CSG-MU (2).	RMSE=0.091781835
CSG-MU (3).	RMSE=0.155791475
CSG-MU (4).	RMSE=0.048794459
CSG-MU (5).	RMSE=0.024861255
CSG-MU (6).	RMSE=0.009637251
CSG-MU (7).	RMSE=0.005135499
CSG-MU (8).	RMSE=0.003227722
CSG-MU (9).	RMSE=0.002242846
CSG-MU (10).	RMSE=0.001512172
CSG-MU (11).	RMSE=0.001103281
CSG-MU (12).	RMSE=0.000816627
CSG-MU (13).	RMSE=0.000592954
CSG-MU (14).	RMSE=0.000459247
CSG-MU (15).	RMSE=0.000360134
CSG-MU (16).	RMSE=0.000284777
CSG-MU (17).	RMSE=0.000222386
CSG-MU (18).	RMSE=0.000178621
CSG-MU (19).	RMSE=0.000145159
CSG-MU (20).	RMSE=0.000117162
CSG-MU (21).	RMSE=0.000097706
CSG-MU (22).	RMSE=0.000077717
CSG-MU (23).	RMSE=0.000061628
CSG-MU (24).	RMSE=0.000052308
CSG-MU (25).	RMSE=0.000041075
CSG-MU (26).	RMSE=0.000034804
CSG-MU (27).	RMSE=0.000028079
CSG-MU (28).	RMSE=0.000023267
CSG-MU (29).	RMSE=0.000019629
CSG-MU (30).	RMSE=0.000015459
CSG-MU (31).	RMSE=0.000012376
CSG-MU (32).	RMSE=0.000010760
CSG-MU (33).	RMSE=0.000007606
Converged.
Frobenius error: 54.59019
Log-likelihood: -59635614.27364
Saved admixture proportions as /users/y/o/yoyebami/Projects_Genomics/eco_genomics_2025/population_genomics/myresults/ANGSD/PCA_ADMIX/RSBS_poly_K3.admix.3.Q
Saved ancestral allele frequencies proportions as /users/y/o/yoyebami/Projects_Genomics/eco_genomics_2025/population_genomics/myresults/ANGSD/PCA_ADMIX/RSBS_poly_K3.admix.3.P

Total elapsed time: 3m41s
