mkdir: cannot create directory ‘/users/y/o/yoyebami/Projects_Genomics/eco_genomics_2025/population_genomics/myresults/ANGSD/PCA_ADMIX’: File exists
------------------------------------
PCAngsd v1.36.1
Jonas Meisner and Anders Albrechtsen
Using 10 thread(s)
------------------------------------

Parsing Beagle file.
Loaded 971934 sites and 113 samples.
Estimating minor allele frequencies.
EM (MAF) converged at iteration: 7
Number of sites after MAF filtering (0.05): 697053

Estimating covariance matrix.
Using 2 principal components (manually selected).
Individual allele frequencies estimated (1).
Individual allele frequencies estimated (2).	RMSE=0.0028536
Individual allele frequencies estimated (3).	RMSE=0.0017147
Individual allele frequencies estimated (4).	RMSE=0.0011762
Individual allele frequencies estimated (5).	RMSE=0.0008568
Individual allele frequencies estimated (6).	RMSE=0.0006488
Individual allele frequencies estimated (7).	RMSE=0.1330374
Individual allele frequencies estimated (8).	RMSE=0.0003951
Individual allele frequencies estimated (9).	RMSE=0.0003158
Individual allele frequencies estimated (10).	RMSE=0.0002549
Individual allele frequencies estimated (11).	RMSE=0.0002096
Individual allele frequencies estimated (12).	RMSE=0.0001754
Individual allele frequencies estimated (13).	RMSE=0.0001486
Individual allele frequencies estimated (14).	RMSE=0.0001277
Individual allele frequencies estimated (15).	RMSE=0.0001117
Individual allele frequencies estimated (16).	RMSE=0.0000988
Individual allele frequencies estimated (17).	RMSE=0.0000890
Individual allele frequencies estimated (18).	RMSE=0.0000813
Individual allele frequencies estimated (19).	RMSE=0.0000753
Individual allele frequencies estimated (20).	RMSE=0.0000702
Individual allele frequencies estimated (21).	RMSE=0.0000664
Individual allele frequencies estimated (22).	RMSE=0.0000632
Individual allele frequencies estimated (23).	RMSE=0.0000603
Individual allele frequencies estimated (24).	RMSE=0.0000582
Individual allele frequencies estimated (25).	RMSE=0.0000559
Individual allele frequencies estimated (26).	RMSE=0.0000543
Individual allele frequencies estimated (27).	RMSE=0.0000526
Individual allele frequencies estimated (28).	RMSE=0.0000512
Individual allele frequencies estimated (29).	RMSE=0.0000498
Individual allele frequencies estimated (30).	RMSE=0.0000484
Individual allele frequencies estimated (31).	RMSE=0.0000472
Individual allele frequencies estimated (32).	RMSE=0.0000460
Individual allele frequencies estimated (33).	RMSE=0.0000449
Individual allele frequencies estimated (34).	RMSE=0.0000438
Individual allele frequencies estimated (35).	RMSE=0.0000426
Individual allele frequencies estimated (36).	RMSE=0.0000415
Individual allele frequencies estimated (37).	RMSE=0.0000403
Individual allele frequencies estimated (38).	RMSE=0.0000392
Individual allele frequencies estimated (39).	RMSE=0.0000381
Individual allele frequencies estimated (40).	RMSE=0.0000372
Individual allele frequencies estimated (41).	RMSE=0.0000360
Individual allele frequencies estimated (42).	RMSE=0.0000350
Individual allele frequencies estimated (43).	RMSE=0.0000338
Individual allele frequencies estimated (44).	RMSE=0.0000328
Individual allele frequencies estimated (45).	RMSE=0.0000317
Individual allele frequencies estimated (46).	RMSE=0.0000306
Individual allele frequencies estimated (47).	RMSE=0.0000295
Individual allele frequencies estimated (48).	RMSE=0.0000285
Individual allele frequencies estimated (49).	RMSE=0.0000276
Individual allele frequencies estimated (50).	RMSE=0.0000265
Individual allele frequencies estimated (51).	RMSE=0.0000256
Individual allele frequencies estimated (52).	RMSE=0.0000246
Individual allele frequencies estimated (53).	RMSE=0.0000235
Individual allele frequencies estimated (54).	RMSE=0.0000225
Individual allele frequencies estimated (55).	RMSE=0.0000215
Individual allele frequencies estimated (56).	RMSE=0.0000205
Individual allele frequencies estimated (57).	RMSE=0.0000197
Individual allele frequencies estimated (58).	RMSE=0.0000187
Individual allele frequencies estimated (59).	RMSE=0.0000180
Individual allele frequencies estimated (60).	RMSE=0.0000172
Individual allele frequencies estimated (61).	RMSE=0.0000162
Individual allele frequencies estimated (62).	RMSE=0.0000154
Individual allele frequencies estimated (63).	RMSE=0.0000147
Individual allele frequencies estimated (64).	RMSE=0.0000139
Individual allele frequencies estimated (65).	RMSE=0.0000131
Individual allele frequencies estimated (66).	RMSE=0.0000127
Individual allele frequencies estimated (67).	RMSE=0.0000118
Individual allele frequencies estimated (68).	RMSE=0.0000113
Individual allele frequencies estimated (69).	RMSE=0.0000107
Individual allele frequencies estimated (70).	RMSE=0.0000099
PCAngsd converged.
Saved covariance matrix as /users/y/o/yoyebami/Projects_Genomics/eco_genomics_2025/population_genomics/myresults/ANGSD/PCA_ADMIX/RSBS_poly_K3.cov

Estimating admixture proportions using NMF (CSG-MU).
K=3, Alpha=0.0, Batches=10, Seed=0
CSG-MU (1).	RMSE=0.260920479
CSG-MU (2).	RMSE=0.091781743
CSG-MU (3).	RMSE=0.155789108
CSG-MU (4).	RMSE=0.048794875
CSG-MU (5).	RMSE=0.024860871
CSG-MU (6).	RMSE=0.009637041
CSG-MU (7).	RMSE=0.005135046
CSG-MU (8).	RMSE=0.003229120
CSG-MU (9).	RMSE=0.002248723
CSG-MU (10).	RMSE=0.001494104
CSG-MU (11).	RMSE=0.001099247
CSG-MU (12).	RMSE=0.000820598
CSG-MU (13).	RMSE=0.000605450
CSG-MU (14).	RMSE=0.000453438
CSG-MU (15).	RMSE=0.000359522
CSG-MU (16).	RMSE=0.000287595
CSG-MU (17).	RMSE=0.000222243
CSG-MU (18).	RMSE=0.000181183
CSG-MU (19).	RMSE=0.000143000
CSG-MU (20).	RMSE=0.000118077
CSG-MU (21).	RMSE=0.000098062
CSG-MU (22).	RMSE=0.000077648
CSG-MU (23).	RMSE=0.000061648
CSG-MU (24).	RMSE=0.000052581
CSG-MU (25).	RMSE=0.000041550
CSG-MU (26).	RMSE=0.000035470
CSG-MU (27).	RMSE=0.000027541
CSG-MU (28).	RMSE=0.000022018
CSG-MU (29).	RMSE=0.000018950
CSG-MU (30).	RMSE=0.000016059
CSG-MU (31).	RMSE=0.000012265
CSG-MU (32).	RMSE=0.000009482
Converged.
Frobenius error: 54.59342
Log-likelihood: -59635614.93893
Saved admixture proportions as /users/y/o/yoyebami/Projects_Genomics/eco_genomics_2025/population_genomics/myresults/ANGSD/PCA_ADMIX/RSBS_poly_K3.admix.3.Q
Saved ancestral allele frequencies proportions as /users/y/o/yoyebami/Projects_Genomics/eco_genomics_2025/population_genomics/myresults/ANGSD/PCA_ADMIX/RSBS_poly_K3.admix.3.P

Total elapsed time: 3m29s
